time="2025-12-20T15:19:06-05:00" level=debug msg="OpenShift Installer 4.19.9"
time="2025-12-20T15:19:06-05:00" level=debug msg="Built from commit 249d7428c51fe85cabdab6394c4aed86fc24d398"
time="2025-12-20T15:19:06-05:00" level=debug msg="Fetching Agent Installer ISO..."
time="2025-12-20T15:19:06-05:00" level=debug msg="Loading Agent Installer ISO..."
time="2025-12-20T15:19:06-05:00" level=debug msg="  Loading Agent Workflow..."
time="2025-12-20T15:19:06-05:00" level=debug msg="  Loading Agent Installer ClusterInfo..."
time="2025-12-20T15:19:06-05:00" level=debug msg="    Loading Agent Workflow..."
time="2025-12-20T15:19:06-05:00" level=debug msg="    Loading AddNodes Config..."
time="2025-12-20T15:19:06-05:00" level=debug msg="  Loading Agent Installer Artifacts..."
time="2025-12-20T15:19:06-05:00" level=debug msg="    Loading Agent Installer Ignition..."
time="2025-12-20T15:19:06-05:00" level=debug msg="      Loading Agent Workflow..."
time="2025-12-20T15:19:06-05:00" level=debug msg="      Loading Agent Installer ClusterInfo..."
time="2025-12-20T15:19:06-05:00" level=debug msg="      Loading AddNodes Config..."
time="2025-12-20T15:19:06-05:00" level=debug msg="      Loading Additional import cluster config..."
time="2025-12-20T15:19:06-05:00" level=debug msg="        Loading Agent Workflow..."
time="2025-12-20T15:19:06-05:00" level=debug msg="        Loading Agent Installer ClusterInfo..."
time="2025-12-20T15:19:06-05:00" level=debug msg="      Loading Agent Manifests..."
time="2025-12-20T15:19:06-05:00" level=debug msg="        Loading Agent PullSecret..."
time="2025-12-20T15:19:06-05:00" level=debug msg="          Loading Agent Workflow..."
time="2025-12-20T15:19:06-05:00" level=debug msg="          Loading Agent Installer ClusterInfo..."
time="2025-12-20T15:19:06-05:00" level=debug msg="          Loading Install Config..."
time="2025-12-20T15:19:06-05:00" level=debug msg="        Loading InfraEnv Config..."
time="2025-12-20T15:19:06-05:00" level=debug msg="          Loading Agent Workflow..."
time="2025-12-20T15:19:06-05:00" level=debug msg="          Loading Agent Installer ClusterInfo..."
time="2025-12-20T15:19:06-05:00" level=debug msg="          Loading Install Config..."
time="2025-12-20T15:19:06-05:00" level=debug msg="          Loading Agent Config..."
time="2025-12-20T15:19:06-05:00" level=debug msg="        Loading NMState Config..."
time="2025-12-20T15:19:06-05:00" level=debug msg="          Loading Agent Workflow..."
time="2025-12-20T15:19:06-05:00" level=debug msg="          Loading Agent Installer ClusterInfo..."
time="2025-12-20T15:19:06-05:00" level=debug msg="          Loading Agent Hosts..."
time="2025-12-20T15:19:06-05:00" level=debug msg="            Loading Agent Workflow..."
time="2025-12-20T15:19:06-05:00" level=debug msg="            Loading AddNodes Config..."
time="2025-12-20T15:19:06-05:00" level=debug msg="            Loading Install Config..."
time="2025-12-20T15:19:06-05:00" level=debug msg="            Loading Agent Config..."
time="2025-12-20T15:19:06-05:00" level=debug msg="          Loading Install Config..."
time="2025-12-20T15:19:06-05:00" level=debug msg="        Loading AgentClusterInstall Config..."
time="2025-12-20T15:19:06-05:00" level=debug msg="          Loading Agent Workflow..."
time="2025-12-20T15:19:06-05:00" level=debug msg="          Loading Install Config..."
time="2025-12-20T15:19:06-05:00" level=debug msg="          Loading Agent Hosts..."
time="2025-12-20T15:19:06-05:00" level=debug msg="          Loading Agent Config..."
time="2025-12-20T15:19:06-05:00" level=debug msg="        Loading ClusterDeployment Config..."
time="2025-12-20T15:19:06-05:00" level=debug msg="          Loading Agent Workflow..."
time="2025-12-20T15:19:06-05:00" level=debug msg="          Loading Install Config..."
time="2025-12-20T15:19:06-05:00" level=debug msg="        Loading ClusterImageSet Config..."
time="2025-12-20T15:19:06-05:00" level=debug msg="          Loading Agent Workflow..."
time="2025-12-20T15:19:06-05:00" level=debug msg="          Loading Agent Installer ClusterInfo..."
time="2025-12-20T15:19:06-05:00" level=debug msg="          Loading Release Image Pull Spec..."
time="2025-12-20T15:19:06-05:00" level=debug msg="          Loading Install Config..."
time="2025-12-20T15:19:06-05:00" level=debug msg="      Loading Extra Manifests..."
time="2025-12-20T15:19:06-05:00" level=debug msg="      Loading Certificate (kube-apiserver-lb-signer)..."
time="2025-12-20T15:19:06-05:00" level=debug msg="      Loading Certificate (kube-apiserver-localhost-signer)..."
time="2025-12-20T15:19:06-05:00" level=debug msg="      Loading Certificate (kube-apiserver-service-network-signer)..."
time="2025-12-20T15:19:06-05:00" level=debug msg="      Loading Certificate (admin-kubeconfig-signer)..."
time="2025-12-20T15:19:06-05:00" level=debug msg="      Loading Kubeadmin Password..."
time="2025-12-20T15:19:06-05:00" level=debug msg="      Loading Agent Config..."
time="2025-12-20T15:19:06-05:00" level=debug msg="      Loading Agent Hosts..."
time="2025-12-20T15:19:06-05:00" level=debug msg="      Loading Mirror Registries Config..."
time="2025-12-20T15:19:06-05:00" level=debug msg="        Loading Agent Workflow..."
time="2025-12-20T15:19:06-05:00" level=debug msg="        Loading Agent Installer ClusterInfo..."
time="2025-12-20T15:19:06-05:00" level=debug msg="        Loading Install Config..."
time="2025-12-20T15:19:06-05:00" level=debug msg="        Loading Release Image Pull Spec..."
time="2025-12-20T15:19:06-05:00" level=debug msg="Using internal constant for release image quay.io/openshift-release-dev/ocp-release@sha256:b6f3a6e7cab0bb6e2590f6e6612a3edec75e3b28d32a4e55325bdeeb7d836662"
time="2025-12-20T15:19:06-05:00" level=debug msg="      Loading Mirror Registries Certificate File..."
time="2025-12-20T15:19:06-05:00" level=debug msg="        Loading Agent Workflow..."
time="2025-12-20T15:19:06-05:00" level=debug msg="        Loading Agent Installer ClusterInfo..."
time="2025-12-20T15:19:06-05:00" level=debug msg="        Loading Install Config..."
time="2025-12-20T15:19:06-05:00" level=debug msg="      Loading Agent Installer API Auth Config..."
time="2025-12-20T15:19:06-05:00" level=debug msg="        Loading Agent Workflow..."
time="2025-12-20T15:19:06-05:00" level=debug msg="        Loading AddNodes Config..."
time="2025-12-20T15:19:06-05:00" level=debug msg="      Loading Agent Installer InfraEnv ID..."
time="2025-12-20T15:19:06-05:00" level=debug msg="    Loading Agent ISO/PXE files Kernel Arguments..."
time="2025-12-20T15:19:06-05:00" level=debug msg="      Loading Agent Workflow..."
time="2025-12-20T15:19:06-05:00" level=debug msg="      Loading Agent Installer ClusterInfo..."
time="2025-12-20T15:19:06-05:00" level=debug msg="      Loading AgentClusterInstall Config..."
time="2025-12-20T15:19:06-05:00" level=debug msg="    Loading BaseIso Image..."
time="2025-12-20T15:19:06-05:00" level=debug msg="      Loading Agent Workflow..."
time="2025-12-20T15:19:06-05:00" level=debug msg="      Loading Agent Installer ClusterInfo..."
time="2025-12-20T15:19:06-05:00" level=debug msg="      Loading Agent Manifests..."
time="2025-12-20T15:19:06-05:00" level=debug msg="      Loading Install Config..."
time="2025-12-20T15:19:06-05:00" level=debug msg="      Loading Mirror Registries Config..."
time="2025-12-20T15:19:06-05:00" level=debug msg="    Loading Agent Manifests..."
time="2025-12-20T15:19:06-05:00" level=debug msg="    Loading AgentClusterInstall Config..."
time="2025-12-20T15:19:06-05:00" level=debug msg="    Loading Mirror Registries Config..."
time="2025-12-20T15:19:06-05:00" level=debug msg="    Loading Agent Config..."
time="2025-12-20T15:19:06-05:00" level=debug msg="    Loading Agent Workflow..."
time="2025-12-20T15:19:06-05:00" level=debug msg="    Loading Agent Installer ClusterInfo..."
time="2025-12-20T15:19:06-05:00" level=debug msg="  Loading Agent Manifests..."
time="2025-12-20T15:19:06-05:00" level=debug msg="  Loading BaseIso Image..."
time="2025-12-20T15:19:06-05:00" level=debug msg="  Loading Agent Installer API Auth Config..."
time="2025-12-20T15:19:06-05:00" level=debug msg="  Fetching Agent Workflow..."
time="2025-12-20T15:19:06-05:00" level=debug msg="  Generating Agent Workflow..."
time="2025-12-20T15:19:06-05:00" level=debug msg="  Fetching Agent Installer ClusterInfo..."
time="2025-12-20T15:19:06-05:00" level=debug msg="    Fetching Agent Workflow..."
time="2025-12-20T15:19:06-05:00" level=debug msg="    Reusing previously-fetched Agent Workflow"
time="2025-12-20T15:19:06-05:00" level=debug msg="    Fetching AddNodes Config..."
time="2025-12-20T15:19:06-05:00" level=debug msg="    Generating AddNodes Config..."
time="2025-12-20T15:19:06-05:00" level=debug msg="  Generating Agent Installer ClusterInfo..."
time="2025-12-20T15:19:06-05:00" level=debug msg="  Fetching Agent Installer Artifacts..."
time="2025-12-20T15:19:06-05:00" level=debug msg="    Fetching Agent Installer Ignition..."
time="2025-12-20T15:19:06-05:00" level=debug msg="      Fetching Agent Workflow..."
time="2025-12-20T15:19:06-05:00" level=debug msg="      Reusing previously-fetched Agent Workflow"
time="2025-12-20T15:19:06-05:00" level=debug msg="      Fetching Agent Installer ClusterInfo..."
time="2025-12-20T15:19:06-05:00" level=debug msg="      Reusing previously-fetched Agent Installer ClusterInfo"
time="2025-12-20T15:19:06-05:00" level=debug msg="      Fetching AddNodes Config..."
time="2025-12-20T15:19:06-05:00" level=debug msg="      Reusing previously-fetched AddNodes Config"
time="2025-12-20T15:19:06-05:00" level=debug msg="      Fetching Additional import cluster config..."
time="2025-12-20T15:19:06-05:00" level=debug msg="        Fetching Agent Workflow..."
time="2025-12-20T15:19:06-05:00" level=debug msg="        Reusing previously-fetched Agent Workflow"
time="2025-12-20T15:19:06-05:00" level=debug msg="        Fetching Agent Installer ClusterInfo..."
time="2025-12-20T15:19:06-05:00" level=debug msg="        Reusing previously-fetched Agent Installer ClusterInfo"
time="2025-12-20T15:19:06-05:00" level=debug msg="      Generating Additional import cluster config..."
time="2025-12-20T15:19:06-05:00" level=debug msg="      Fetching Agent Manifests..."
time="2025-12-20T15:19:06-05:00" level=debug msg="        Fetching Agent PullSecret..."
time="2025-12-20T15:19:06-05:00" level=debug msg="          Fetching Agent Workflow..."
time="2025-12-20T15:19:06-05:00" level=debug msg="          Reusing previously-fetched Agent Workflow"
time="2025-12-20T15:19:06-05:00" level=debug msg="          Fetching Agent Installer ClusterInfo..."
time="2025-12-20T15:19:06-05:00" level=debug msg="          Reusing previously-fetched Agent Installer ClusterInfo"
time="2025-12-20T15:19:06-05:00" level=debug msg="          Fetching Install Config..."
time="2025-12-20T15:19:06-05:00" level=debug msg="          Generating Install Config..."
time="2025-12-20T15:19:06-05:00" level=debug msg="        Generating Agent PullSecret..."
time="2025-12-20T15:19:06-05:00" level=error msg="failed to write asset (Agent Installer ISO) to disk: cannot generate ISO image due to configuration errors"
time="2025-12-20T15:19:06-05:00" level=fatal msg="failed to fetch Agent Installer ISO: failed to fetch dependency of \"Agent Installer ISO\": failed to fetch dependency of \"Agent Installer Artifacts\": failed to fetch dependency of \"Agent Installer Ignition\": failed to fetch dependency of \"Agent Manifests\": failed to generate asset \"Agent PullSecret\": missing configuration or manifest file"
time="2025-12-20T18:53:01-05:00" level=debug msg="OpenShift Installer 4.19.9"
time="2025-12-20T18:53:01-05:00" level=debug msg="Built from commit 249d7428c51fe85cabdab6394c4aed86fc24d398"
time="2025-12-20T18:53:01-05:00" level=debug msg="Fetching Bootstrap SSH Key Pair..."
time="2025-12-20T18:53:01-05:00" level=debug msg="Loading Bootstrap SSH Key Pair..."
time="2025-12-20T18:53:01-05:00" level=debug msg="Generating Bootstrap SSH Key Pair..."
time="2025-12-20T18:53:01-05:00" level=debug msg="Fetching Install Config..."
time="2025-12-20T18:53:01-05:00" level=debug msg="Loading Install Config..."
time="2025-12-20T18:53:01-05:00" level=debug msg="  Loading SSH Key..."
time="2025-12-20T18:53:01-05:00" level=debug msg="  Loading Base Domain..."
time="2025-12-20T18:53:01-05:00" level=debug msg="    Loading Platform..."
time="2025-12-20T18:53:01-05:00" level=debug msg="  Loading Cluster Name..."
time="2025-12-20T18:53:01-05:00" level=debug msg="    Loading Base Domain..."
time="2025-12-20T18:53:01-05:00" level=debug msg="    Loading Platform..."
time="2025-12-20T18:53:01-05:00" level=debug msg="  Loading Pull Secret..."
time="2025-12-20T18:53:01-05:00" level=debug msg="  Loading Platform..."
time="2025-12-20T18:53:01-05:00" level=debug msg="  Fetching SSH Key..."
time="2025-12-20T18:53:01-05:00" level=debug msg="  Generating SSH Key..."
time="2025-12-20T18:53:23-05:00" level=debug msg="  Fetching Base Domain..."
time="2025-12-20T18:53:23-05:00" level=debug msg="    Fetching Platform..."
time="2025-12-20T18:53:23-05:00" level=debug msg="    Generating Platform..."
time="2025-12-20T18:54:13-05:00" level=debug msg="  Generating Base Domain..."
time="2025-12-20T18:54:18-05:00" level=fatal msg="failed to fetch Install Config: failed to fetch dependency of \"Install Config\": failed to generate asset \"Base Domain\": failed UserInput: interrupt"
time="2025-12-21T14:39:23-05:00" level=debug msg="OpenShift Installer 4.16.0"
time="2025-12-21T14:39:23-05:00" level=debug msg="Built from commit 0dc3033888f4cae22e5e5897921422f7180c4033"
time="2025-12-21T14:39:23-05:00" level=debug msg="asset directory: ."
time="2025-12-21T14:39:23-05:00" level=debug msg="Loading Agent Config..."
time="2025-12-21T14:39:23-05:00" level=debug msg="Loading Agent Manifests..."
time="2025-12-21T14:39:23-05:00" level=debug msg="  Loading Agent PullSecret..."
time="2025-12-21T14:39:23-05:00" level=debug msg="    Loading Agent Workflow..."
time="2025-12-21T14:39:23-05:00" level=debug msg="    Loading Agent Installer ClusterInfo..."
time="2025-12-21T14:39:23-05:00" level=debug msg="      Loading Agent Workflow..."
time="2025-12-21T14:39:23-05:00" level=debug msg="      Loading AddNodes Config..."
time="2025-12-21T14:39:23-05:00" level=debug msg="    Loading Install Config..."
time="2025-12-21T14:39:23-05:00" level=debug msg="  Loading InfraEnv Config..."
time="2025-12-21T14:39:23-05:00" level=debug msg="    Loading Agent Workflow..."
time="2025-12-21T14:39:23-05:00" level=debug msg="    Loading Agent Installer ClusterInfo..."
time="2025-12-21T14:39:23-05:00" level=debug msg="    Loading Install Config..."
time="2025-12-21T14:39:23-05:00" level=debug msg="    Loading Agent Config..."
time="2025-12-21T14:39:23-05:00" level=debug msg="  Loading NMState Config..."
time="2025-12-21T14:39:23-05:00" level=debug msg="    Loading Agent Workflow..."
time="2025-12-21T14:39:23-05:00" level=debug msg="    Loading Agent Installer ClusterInfo..."
time="2025-12-21T14:39:23-05:00" level=debug msg="    Loading Agent Hosts..."
time="2025-12-21T14:39:23-05:00" level=debug msg="      Loading Agent Workflow..."
time="2025-12-21T14:39:23-05:00" level=debug msg="      Loading AddNodes Config..."
time="2025-12-21T14:39:23-05:00" level=debug msg="      Loading Install Config..."
time="2025-12-21T14:39:23-05:00" level=debug msg="      Loading Agent Config..."
time="2025-12-21T14:39:23-05:00" level=debug msg="    Loading Install Config..."
time="2025-12-21T14:39:23-05:00" level=debug msg="  Loading AgentClusterInstall Config..."
time="2025-12-21T14:39:23-05:00" level=debug msg="    Loading Agent Workflow..."
time="2025-12-21T14:39:23-05:00" level=debug msg="    Loading Install Config..."
time="2025-12-21T14:39:23-05:00" level=debug msg="    Loading Agent Hosts..."
time="2025-12-21T14:39:23-05:00" level=debug msg="  Loading ClusterDeployment Config..."
time="2025-12-21T14:39:23-05:00" level=debug msg="    Loading Agent Workflow..."
time="2025-12-21T14:39:23-05:00" level=debug msg="    Loading Install Config..."
time="2025-12-21T14:39:23-05:00" level=debug msg="  Loading ClusterImageSet Config..."
time="2025-12-21T14:39:23-05:00" level=debug msg="    Loading Agent Workflow..."
time="2025-12-21T14:39:23-05:00" level=debug msg="    Loading Agent Installer ClusterInfo..."
time="2025-12-21T14:39:23-05:00" level=debug msg="    Loading Release Image Pull Spec..."
time="2025-12-21T14:39:23-05:00" level=debug msg="    Loading Install Config..."
time="2025-12-21T14:39:23-05:00" level=debug msg="Loading Install Config..."
time="2025-12-21T14:39:23-05:00" level=debug msg="  Loading SSH Key..."
time="2025-12-21T14:39:23-05:00" level=debug msg="  Loading Base Domain..."
time="2025-12-21T14:39:23-05:00" level=debug msg="    Loading Platform..."
time="2025-12-21T14:39:23-05:00" level=debug msg="  Loading Cluster Name..."
time="2025-12-21T14:39:23-05:00" level=debug msg="    Loading Base Domain..."
time="2025-12-21T14:39:23-05:00" level=debug msg="    Loading Platform..."
time="2025-12-21T14:39:23-05:00" level=debug msg="  Loading Pull Secret..."
time="2025-12-21T14:39:23-05:00" level=debug msg="  Loading Platform..."
time="2025-12-21T14:39:23-05:00" level=debug msg="Loading Agent Hosts..."
time="2025-12-21T14:39:23-05:00" level=fatal msg="both AgentConfig and NMStateConfig are empty"
